ARM GAS  C:\Users\doman\AppData\Local\Temp\ccYSSz9s.s 			page 1


   1              		.cpu cortex-m3
   2              		.eabi_attribute 20, 1
   3              		.eabi_attribute 21, 1
   4              		.eabi_attribute 23, 3
   5              		.eabi_attribute 24, 1
   6              		.eabi_attribute 25, 1
   7              		.eabi_attribute 26, 1
   8              		.eabi_attribute 30, 1
   9              		.eabi_attribute 34, 1
  10              		.eabi_attribute 18, 4
  11              		.file	"freertos.c"
  12              		.text
  13              	.Ltext0:
  14              		.cfi_sections	.debug_frame
  15              		.section	.text.StartDefaultTask,"ax",%progbits
  16              		.align	1
  17              		.global	StartDefaultTask
  18              		.arch armv7-m
  19              		.syntax unified
  20              		.thumb
  21              		.thumb_func
  22              		.fpu softvfp
  24              	StartDefaultTask:
  25              	.LFB70:
  26              		.file 1 "../Core/common/Src/freertos.c"
   1:../Core/common/Src/freertos.c **** /* USER CODE BEGIN Header */
   2:../Core/common/Src/freertos.c **** /**
   3:../Core/common/Src/freertos.c ****   ******************************************************************************
   4:../Core/common/Src/freertos.c ****   * File Name          : freertos.c
   5:../Core/common/Src/freertos.c ****   * Description        : Code for freertos applications
   6:../Core/common/Src/freertos.c ****   ******************************************************************************
   7:../Core/common/Src/freertos.c ****   * @attention
   8:../Core/common/Src/freertos.c ****   *
   9:../Core/common/Src/freertos.c ****   * <h2><center>&copy; Copyright (c) 2021 STMicroelectronics.
  10:../Core/common/Src/freertos.c ****   * All rights reserved.</center></h2>
  11:../Core/common/Src/freertos.c ****   *
  12:../Core/common/Src/freertos.c ****   * This software component is licensed by ST under Ultimate Liberty license
  13:../Core/common/Src/freertos.c ****   * SLA0044, the "License"; You may not use this file except in compliance with
  14:../Core/common/Src/freertos.c ****   * the License. You may obtain a copy of the License at:
  15:../Core/common/Src/freertos.c ****   *                             www.st.com/SLA0044
  16:../Core/common/Src/freertos.c ****   *
  17:../Core/common/Src/freertos.c ****   ******************************************************************************
  18:../Core/common/Src/freertos.c ****   */
  19:../Core/common/Src/freertos.c **** /* USER CODE END Header */
  20:../Core/common/Src/freertos.c **** 
  21:../Core/common/Src/freertos.c **** /* Includes ------------------------------------------------------------------*/
  22:../Core/common/Src/freertos.c **** #include "FreeRTOS.h"
  23:../Core/common/Src/freertos.c **** #include "task.h"
  24:../Core/common/Src/freertos.c **** #include "main.h"
  25:../Core/common/Src/freertos.c **** #include "cmsis_os.h"
  26:../Core/common/Src/freertos.c **** 
  27:../Core/common/Src/freertos.c **** /* Private includes ----------------------------------------------------------*/
  28:../Core/common/Src/freertos.c **** /* USER CODE BEGIN Includes */
  29:../Core/common/Src/freertos.c **** 
  30:../Core/common/Src/freertos.c **** /* USER CODE END Includes */
  31:../Core/common/Src/freertos.c **** 
  32:../Core/common/Src/freertos.c **** /* Private typedef -----------------------------------------------------------*/
ARM GAS  C:\Users\doman\AppData\Local\Temp\ccYSSz9s.s 			page 2


  33:../Core/common/Src/freertos.c **** /* USER CODE BEGIN PTD */
  34:../Core/common/Src/freertos.c **** 
  35:../Core/common/Src/freertos.c **** /* USER CODE END PTD */
  36:../Core/common/Src/freertos.c **** 
  37:../Core/common/Src/freertos.c **** /* Private define ------------------------------------------------------------*/
  38:../Core/common/Src/freertos.c **** /* USER CODE BEGIN PD */
  39:../Core/common/Src/freertos.c **** 
  40:../Core/common/Src/freertos.c **** /* USER CODE END PD */
  41:../Core/common/Src/freertos.c **** 
  42:../Core/common/Src/freertos.c **** /* Private macro -------------------------------------------------------------*/
  43:../Core/common/Src/freertos.c **** /* USER CODE BEGIN PM */
  44:../Core/common/Src/freertos.c **** 
  45:../Core/common/Src/freertos.c **** /* USER CODE END PM */
  46:../Core/common/Src/freertos.c **** 
  47:../Core/common/Src/freertos.c **** /* Private variables ---------------------------------------------------------*/
  48:../Core/common/Src/freertos.c **** /* USER CODE BEGIN Variables */
  49:../Core/common/Src/freertos.c **** 
  50:../Core/common/Src/freertos.c **** /* USER CODE END Variables */
  51:../Core/common/Src/freertos.c **** /* Definitions for defaultTask */
  52:../Core/common/Src/freertos.c **** osThreadId_t defaultTaskHandle;
  53:../Core/common/Src/freertos.c **** const osThreadAttr_t defaultTask_attributes = {
  54:../Core/common/Src/freertos.c ****   .name = "defaultTask",
  55:../Core/common/Src/freertos.c ****   .stack_size = 128 * 4,
  56:../Core/common/Src/freertos.c ****   .priority = (osPriority_t) osPriorityNormal,
  57:../Core/common/Src/freertos.c **** };
  58:../Core/common/Src/freertos.c **** 
  59:../Core/common/Src/freertos.c **** /* Private function prototypes -----------------------------------------------*/
  60:../Core/common/Src/freertos.c **** /* USER CODE BEGIN FunctionPrototypes */
  61:../Core/common/Src/freertos.c **** 
  62:../Core/common/Src/freertos.c **** /* USER CODE END FunctionPrototypes */
  63:../Core/common/Src/freertos.c **** 
  64:../Core/common/Src/freertos.c **** void StartDefaultTask(void *argument);
  65:../Core/common/Src/freertos.c **** 
  66:../Core/common/Src/freertos.c **** void MX_FREERTOS_Init(void); /* (MISRA C 2004 rule 8.1) */
  67:../Core/common/Src/freertos.c **** 
  68:../Core/common/Src/freertos.c **** /**
  69:../Core/common/Src/freertos.c ****   * @brief  FreeRTOS initialization
  70:../Core/common/Src/freertos.c ****   * @param  None
  71:../Core/common/Src/freertos.c ****   * @retval None
  72:../Core/common/Src/freertos.c ****   */
  73:../Core/common/Src/freertos.c **** void MX_FREERTOS_Init(void) {
  74:../Core/common/Src/freertos.c ****   /* USER CODE BEGIN Init */
  75:../Core/common/Src/freertos.c **** 
  76:../Core/common/Src/freertos.c ****   /* USER CODE END Init */
  77:../Core/common/Src/freertos.c **** 
  78:../Core/common/Src/freertos.c ****   /* USER CODE BEGIN RTOS_MUTEX */
  79:../Core/common/Src/freertos.c ****   /* add mutexes, ... */
  80:../Core/common/Src/freertos.c ****   /* USER CODE END RTOS_MUTEX */
  81:../Core/common/Src/freertos.c **** 
  82:../Core/common/Src/freertos.c ****   /* USER CODE BEGIN RTOS_SEMAPHORES */
  83:../Core/common/Src/freertos.c ****   /* add semaphores, ... */
  84:../Core/common/Src/freertos.c ****   /* USER CODE END RTOS_SEMAPHORES */
  85:../Core/common/Src/freertos.c **** 
  86:../Core/common/Src/freertos.c ****   /* USER CODE BEGIN RTOS_TIMERS */
  87:../Core/common/Src/freertos.c ****   /* start timers, add new ones, ... */
  88:../Core/common/Src/freertos.c ****   /* USER CODE END RTOS_TIMERS */
  89:../Core/common/Src/freertos.c **** 
ARM GAS  C:\Users\doman\AppData\Local\Temp\ccYSSz9s.s 			page 3


  90:../Core/common/Src/freertos.c ****   /* USER CODE BEGIN RTOS_QUEUES */
  91:../Core/common/Src/freertos.c ****   /* add queues, ... */
  92:../Core/common/Src/freertos.c ****   /* USER CODE END RTOS_QUEUES */
  93:../Core/common/Src/freertos.c **** 
  94:../Core/common/Src/freertos.c ****   /* Create the thread(s) */
  95:../Core/common/Src/freertos.c ****   /* creation of defaultTask */
  96:../Core/common/Src/freertos.c ****   defaultTaskHandle = osThreadNew(StartDefaultTask, NULL, &defaultTask_attributes);
  97:../Core/common/Src/freertos.c **** 
  98:../Core/common/Src/freertos.c ****   /* USER CODE BEGIN RTOS_THREADS */
  99:../Core/common/Src/freertos.c ****   /* add threads, ... */
 100:../Core/common/Src/freertos.c ****   /* USER CODE END RTOS_THREADS */
 101:../Core/common/Src/freertos.c **** 
 102:../Core/common/Src/freertos.c ****   /* USER CODE BEGIN RTOS_EVENTS */
 103:../Core/common/Src/freertos.c ****   /* add events, ... */
 104:../Core/common/Src/freertos.c ****   /* USER CODE END RTOS_EVENTS */
 105:../Core/common/Src/freertos.c **** 
 106:../Core/common/Src/freertos.c **** }
 107:../Core/common/Src/freertos.c **** 
 108:../Core/common/Src/freertos.c **** /* USER CODE BEGIN Header_StartDefaultTask */
 109:../Core/common/Src/freertos.c **** /**
 110:../Core/common/Src/freertos.c ****   * @brief  Function implementing the defaultTask thread.
 111:../Core/common/Src/freertos.c ****   * @param  argument: Not used
 112:../Core/common/Src/freertos.c ****   * @retval None
 113:../Core/common/Src/freertos.c ****   */
 114:../Core/common/Src/freertos.c **** /* USER CODE END Header_StartDefaultTask */
 115:../Core/common/Src/freertos.c **** void StartDefaultTask(void *argument)
 116:../Core/common/Src/freertos.c **** {
  27              		.loc 1 116 1 view -0
  28              		.cfi_startproc
  29              		@ Volatile: function does not return.
  30              		@ args = 0, pretend = 0, frame = 0
  31              		@ frame_needed = 0, uses_anonymous_args = 0
  32              	.LVL0:
  33              		.loc 1 116 1 is_stmt 0 view .LVU1
  34 0000 08B5     		push	{r3, lr}
  35              	.LCFI0:
  36              		.cfi_def_cfa_offset 8
  37              		.cfi_offset 3, -8
  38              		.cfi_offset 14, -4
  39              	.LVL1:
  40              	.L2:
 117:../Core/common/Src/freertos.c ****   /* USER CODE BEGIN StartDefaultTask */
 118:../Core/common/Src/freertos.c ****   /* Infinite loop */
 119:../Core/common/Src/freertos.c ****   for(;;)
  41              		.loc 1 119 3 is_stmt 1 discriminator 1 view .LVU2
 120:../Core/common/Src/freertos.c ****   {
 121:../Core/common/Src/freertos.c ****     osDelay(1);
  42              		.loc 1 121 5 discriminator 1 view .LVU3
  43 0002 0120     		movs	r0, #1
  44 0004 FFF7FEFF 		bl	osDelay
  45              	.LVL2:
 119:../Core/common/Src/freertos.c ****   {
  46              		.loc 1 119 8 discriminator 1 view .LVU4
  47 0008 FBE7     		b	.L2
  48              		.cfi_endproc
  49              	.LFE70:
  51              		.section	.text.MX_FREERTOS_Init,"ax",%progbits
ARM GAS  C:\Users\doman\AppData\Local\Temp\ccYSSz9s.s 			page 4


  52              		.align	1
  53              		.global	MX_FREERTOS_Init
  54              		.syntax unified
  55              		.thumb
  56              		.thumb_func
  57              		.fpu softvfp
  59              	MX_FREERTOS_Init:
  60              	.LFB69:
  73:../Core/common/Src/freertos.c ****   /* USER CODE BEGIN Init */
  61              		.loc 1 73 29 view -0
  62              		.cfi_startproc
  63              		@ args = 0, pretend = 0, frame = 0
  64              		@ frame_needed = 0, uses_anonymous_args = 0
  65 0000 08B5     		push	{r3, lr}
  66              	.LCFI1:
  67              		.cfi_def_cfa_offset 8
  68              		.cfi_offset 3, -8
  69              		.cfi_offset 14, -4
  96:../Core/common/Src/freertos.c **** 
  70              		.loc 1 96 3 view .LVU6
  96:../Core/common/Src/freertos.c **** 
  71              		.loc 1 96 23 is_stmt 0 view .LVU7
  72 0002 044A     		ldr	r2, .L6
  73 0004 0021     		movs	r1, #0
  74 0006 0448     		ldr	r0, .L6+4
  75 0008 FFF7FEFF 		bl	osThreadNew
  76              	.LVL3:
  96:../Core/common/Src/freertos.c **** 
  77              		.loc 1 96 21 view .LVU8
  78 000c 034B     		ldr	r3, .L6+8
  79 000e 1860     		str	r0, [r3]
 106:../Core/common/Src/freertos.c **** 
  80              		.loc 1 106 1 view .LVU9
  81 0010 08BD     		pop	{r3, pc}
  82              	.L7:
  83 0012 00BF     		.align	2
  84              	.L6:
  85 0014 00000000 		.word	.LANCHOR0
  86 0018 00000000 		.word	StartDefaultTask
  87 001c 00000000 		.word	defaultTaskHandle
  88              		.cfi_endproc
  89              	.LFE69:
  91              		.global	defaultTask_attributes
  92              		.section	.rodata.str1.4,"aMS",%progbits,1
  93              		.align	2
  94              	.LC0:
  95 0000 64656661 		.ascii	"defaultTask\000"
  95      756C7454 
  95      61736B00 
  96              		.comm	defaultTaskHandle,4,4
  97              		.section	.rodata.defaultTask_attributes,"a"
  98              		.align	2
  99              		.set	.LANCHOR0,. + 0
 102              	defaultTask_attributes:
 103 0000 00000000 		.word	.LC0
 104 0004 00000000 		.space	16
 104      00000000 
ARM GAS  C:\Users\doman\AppData\Local\Temp\ccYSSz9s.s 			page 5


 104      00000000 
 104      00000000 
 105 0014 00020000 		.word	512
 106 0018 18000000 		.word	24
 107 001c 00000000 		.space	8
 107      00000000 
 108              		.text
 109              	.Letext0:
 110              		.file 2 "c:\\program files (x86)\\gnu arm embedded toolchain\\9 2020-q2-update\\arm-none-eabi\\inc
 111              		.file 3 "c:\\program files (x86)\\gnu arm embedded toolchain\\9 2020-q2-update\\arm-none-eabi\\inc
 112              		.file 4 "../Core/common/Inc/FreeRTOSConfig.h"
 113              		.file 5 "../Drivers/CMSIS/Include/core_cm3.h"
 114              		.file 6 "../Drivers/CMSIS/Device/ST/STM32F1xx/Include/system_stm32f1xx.h"
 115              		.file 7 "../Drivers/STM32F1xx_HAL_Driver/Inc/stm32f1xx_hal.h"
 116              		.file 8 "../Middlewares/Third_Party/FreeRTOS/Source/CMSIS_RTOS_V2/cmsis_os2.h"
ARM GAS  C:\Users\doman\AppData\Local\Temp\ccYSSz9s.s 			page 6


DEFINED SYMBOLS
                            *ABS*:00000000 freertos.c
C:\Users\doman\AppData\Local\Temp\ccYSSz9s.s:16     .text.StartDefaultTask:00000000 $t
C:\Users\doman\AppData\Local\Temp\ccYSSz9s.s:24     .text.StartDefaultTask:00000000 StartDefaultTask
C:\Users\doman\AppData\Local\Temp\ccYSSz9s.s:52     .text.MX_FREERTOS_Init:00000000 $t
C:\Users\doman\AppData\Local\Temp\ccYSSz9s.s:59     .text.MX_FREERTOS_Init:00000000 MX_FREERTOS_Init
C:\Users\doman\AppData\Local\Temp\ccYSSz9s.s:85     .text.MX_FREERTOS_Init:00000014 $d
                            *COM*:00000004 defaultTaskHandle
C:\Users\doman\AppData\Local\Temp\ccYSSz9s.s:102    .rodata.defaultTask_attributes:00000000 defaultTask_attributes
C:\Users\doman\AppData\Local\Temp\ccYSSz9s.s:93     .rodata.str1.4:00000000 $d
C:\Users\doman\AppData\Local\Temp\ccYSSz9s.s:98     .rodata.defaultTask_attributes:00000000 $d

UNDEFINED SYMBOLS
osDelay
osThreadNew
