ARM GAS  C:\Users\doman\AppData\Local\Temp\cctLC4X3.s 			page 1


   1              		.cpu cortex-m3
   2              		.eabi_attribute 20, 1
   3              		.eabi_attribute 21, 1
   4              		.eabi_attribute 23, 3
   5              		.eabi_attribute 24, 1
   6              		.eabi_attribute 25, 1
   7              		.eabi_attribute 26, 1
   8              		.eabi_attribute 30, 1
   9              		.eabi_attribute 34, 1
  10              		.eabi_attribute 18, 4
  11              		.file	"gpio.c"
  12              		.text
  13              	.Ltext0:
  14              		.cfi_sections	.debug_frame
  15              		.section	.text.MX_GPIO_Init,"ax",%progbits
  16              		.align	1
  17              		.global	MX_GPIO_Init
  18              		.arch armv7-m
  19              		.syntax unified
  20              		.thumb
  21              		.thumb_func
  22              		.fpu softvfp
  24              	MX_GPIO_Init:
  25              	.LFB65:
  26              		.file 1 "../Core/common/Src/gpio.c"
   1:../Core/common/Src/gpio.c **** /**
   2:../Core/common/Src/gpio.c ****   ******************************************************************************
   3:../Core/common/Src/gpio.c ****   * @file    gpio.c
   4:../Core/common/Src/gpio.c ****   * @brief   This file provides code for the configuration
   5:../Core/common/Src/gpio.c ****   *          of all used GPIO pins.
   6:../Core/common/Src/gpio.c ****   ******************************************************************************
   7:../Core/common/Src/gpio.c ****   * @attention
   8:../Core/common/Src/gpio.c ****   *
   9:../Core/common/Src/gpio.c ****   * <h2><center>&copy; Copyright (c) 2021 STMicroelectronics.
  10:../Core/common/Src/gpio.c ****   * All rights reserved.</center></h2>
  11:../Core/common/Src/gpio.c ****   *
  12:../Core/common/Src/gpio.c ****   * This software component is licensed by ST under Ultimate Liberty license
  13:../Core/common/Src/gpio.c ****   * SLA0044, the "License"; You may not use this file except in compliance with
  14:../Core/common/Src/gpio.c ****   * the License. You may obtain a copy of the License at:
  15:../Core/common/Src/gpio.c ****   *                             www.st.com/SLA0044
  16:../Core/common/Src/gpio.c ****   *
  17:../Core/common/Src/gpio.c ****   ******************************************************************************
  18:../Core/common/Src/gpio.c ****   */
  19:../Core/common/Src/gpio.c **** 
  20:../Core/common/Src/gpio.c **** /* Includes ------------------------------------------------------------------*/
  21:../Core/common/Src/gpio.c **** #include "gpio.h"
  22:../Core/common/Src/gpio.c **** 
  23:../Core/common/Src/gpio.c **** /* USER CODE BEGIN 0 */
  24:../Core/common/Src/gpio.c **** 
  25:../Core/common/Src/gpio.c **** /* USER CODE END 0 */
  26:../Core/common/Src/gpio.c **** 
  27:../Core/common/Src/gpio.c **** /*----------------------------------------------------------------------------*/
  28:../Core/common/Src/gpio.c **** /* Configure GPIO                                                             */
  29:../Core/common/Src/gpio.c **** /*----------------------------------------------------------------------------*/
  30:../Core/common/Src/gpio.c **** /* USER CODE BEGIN 1 */
  31:../Core/common/Src/gpio.c **** 
  32:../Core/common/Src/gpio.c **** /* USER CODE END 1 */
ARM GAS  C:\Users\doman\AppData\Local\Temp\cctLC4X3.s 			page 2


  33:../Core/common/Src/gpio.c **** 
  34:../Core/common/Src/gpio.c **** /** Configure pins as
  35:../Core/common/Src/gpio.c ****         * Analog
  36:../Core/common/Src/gpio.c ****         * Input
  37:../Core/common/Src/gpio.c ****         * Output
  38:../Core/common/Src/gpio.c ****         * EVENT_OUT
  39:../Core/common/Src/gpio.c ****         * EXTI
  40:../Core/common/Src/gpio.c **** */
  41:../Core/common/Src/gpio.c **** void MX_GPIO_Init(void)
  42:../Core/common/Src/gpio.c **** {
  27              		.loc 1 42 1 view -0
  28              		.cfi_startproc
  29              		@ args = 0, pretend = 0, frame = 16
  30              		@ frame_needed = 0, uses_anonymous_args = 0
  31              		@ link register save eliminated.
  32 0000 84B0     		sub	sp, sp, #16
  33              	.LCFI0:
  34              		.cfi_def_cfa_offset 16
  43:../Core/common/Src/gpio.c **** 
  44:../Core/common/Src/gpio.c ****   /* GPIO Ports Clock Enable */
  45:../Core/common/Src/gpio.c ****   __HAL_RCC_GPIOD_CLK_ENABLE();
  35              		.loc 1 45 3 view .LVU1
  36              	.LBB2:
  37              		.loc 1 45 3 view .LVU2
  38              		.loc 1 45 3 view .LVU3
  39 0002 0F4B     		ldr	r3, .L3
  40 0004 9A69     		ldr	r2, [r3, #24]
  41 0006 42F02002 		orr	r2, r2, #32
  42 000a 9A61     		str	r2, [r3, #24]
  43              		.loc 1 45 3 view .LVU4
  44 000c 9A69     		ldr	r2, [r3, #24]
  45 000e 02F02002 		and	r2, r2, #32
  46 0012 0192     		str	r2, [sp, #4]
  47              		.loc 1 45 3 view .LVU5
  48 0014 019A     		ldr	r2, [sp, #4]
  49              	.LBE2:
  50              		.loc 1 45 3 view .LVU6
  46:../Core/common/Src/gpio.c ****   __HAL_RCC_GPIOA_CLK_ENABLE();
  51              		.loc 1 46 3 view .LVU7
  52              	.LBB3:
  53              		.loc 1 46 3 view .LVU8
  54              		.loc 1 46 3 view .LVU9
  55 0016 9A69     		ldr	r2, [r3, #24]
  56 0018 42F00402 		orr	r2, r2, #4
  57 001c 9A61     		str	r2, [r3, #24]
  58              		.loc 1 46 3 view .LVU10
  59 001e 9A69     		ldr	r2, [r3, #24]
  60 0020 02F00402 		and	r2, r2, #4
  61 0024 0292     		str	r2, [sp, #8]
  62              		.loc 1 46 3 view .LVU11
  63 0026 029A     		ldr	r2, [sp, #8]
  64              	.LBE3:
  65              		.loc 1 46 3 view .LVU12
  47:../Core/common/Src/gpio.c ****   __HAL_RCC_GPIOB_CLK_ENABLE();
  66              		.loc 1 47 3 view .LVU13
  67              	.LBB4:
  68              		.loc 1 47 3 view .LVU14
ARM GAS  C:\Users\doman\AppData\Local\Temp\cctLC4X3.s 			page 3


  69              		.loc 1 47 3 view .LVU15
  70 0028 9A69     		ldr	r2, [r3, #24]
  71 002a 42F00802 		orr	r2, r2, #8
  72 002e 9A61     		str	r2, [r3, #24]
  73              		.loc 1 47 3 view .LVU16
  74 0030 9B69     		ldr	r3, [r3, #24]
  75 0032 03F00803 		and	r3, r3, #8
  76 0036 0393     		str	r3, [sp, #12]
  77              		.loc 1 47 3 view .LVU17
  78 0038 039B     		ldr	r3, [sp, #12]
  79              	.LBE4:
  80              		.loc 1 47 3 view .LVU18
  48:../Core/common/Src/gpio.c **** 
  49:../Core/common/Src/gpio.c **** }
  81              		.loc 1 49 1 is_stmt 0 view .LVU19
  82 003a 04B0     		add	sp, sp, #16
  83              	.LCFI1:
  84              		.cfi_def_cfa_offset 0
  85              		@ sp needed
  86 003c 7047     		bx	lr
  87              	.L4:
  88 003e 00BF     		.align	2
  89              	.L3:
  90 0040 00100240 		.word	1073876992
  91              		.cfi_endproc
  92              	.LFE65:
  94              		.text
  95              	.Letext0:
  96              		.file 2 "c:\\program files (x86)\\gnu arm embedded toolchain\\9 2020-q2-update\\arm-none-eabi\\inc
  97              		.file 3 "c:\\program files (x86)\\gnu arm embedded toolchain\\9 2020-q2-update\\arm-none-eabi\\inc
  98              		.file 4 "../Drivers/CMSIS/Include/core_cm3.h"
  99              		.file 5 "../Drivers/CMSIS/Device/ST/STM32F1xx/Include/system_stm32f1xx.h"
 100              		.file 6 "../Drivers/CMSIS/Device/ST/STM32F1xx/Include/stm32f103xb.h"
 101              		.file 7 "../Drivers/STM32F1xx_HAL_Driver/Inc/stm32f1xx_hal.h"
ARM GAS  C:\Users\doman\AppData\Local\Temp\cctLC4X3.s 			page 4


DEFINED SYMBOLS
                            *ABS*:00000000 gpio.c
C:\Users\doman\AppData\Local\Temp\cctLC4X3.s:16     .text.MX_GPIO_Init:00000000 $t
C:\Users\doman\AppData\Local\Temp\cctLC4X3.s:24     .text.MX_GPIO_Init:00000000 MX_GPIO_Init
C:\Users\doman\AppData\Local\Temp\cctLC4X3.s:90     .text.MX_GPIO_Init:00000040 $d

NO UNDEFINED SYMBOLS
