ARM GAS  C:\Users\doman\AppData\Local\Temp\ccjgTokr.s 			page 1


   1              		.cpu cortex-m3
   2              		.eabi_attribute 20, 1
   3              		.eabi_attribute 21, 1
   4              		.eabi_attribute 23, 3
   5              		.eabi_attribute 24, 1
   6              		.eabi_attribute 25, 1
   7              		.eabi_attribute 26, 1
   8              		.eabi_attribute 30, 1
   9              		.eabi_attribute 34, 1
  10              		.eabi_attribute 18, 4
  11              		.file	"main.c"
  12              		.text
  13              	.Ltext0:
  14              		.cfi_sections	.debug_frame
  15              		.section	.text.HAL_TIM_PeriodElapsedCallback,"ax",%progbits
  16              		.align	1
  17              		.global	HAL_TIM_PeriodElapsedCallback
  18              		.arch armv7-m
  19              		.syntax unified
  20              		.thumb
  21              		.thumb_func
  22              		.fpu softvfp
  24              	HAL_TIM_PeriodElapsedCallback:
  25              	.LVL0:
  26              	.LFB71:
  27              		.file 1 "../Core/common/Src/main.c"
   1:../Core/common/Src/main.c **** /* USER CODE BEGIN Header */
   2:../Core/common/Src/main.c **** /**
   3:../Core/common/Src/main.c ****   ******************************************************************************
   4:../Core/common/Src/main.c ****   * @file           : main.c
   5:../Core/common/Src/main.c ****   * @brief          : Main program body
   6:../Core/common/Src/main.c ****   ******************************************************************************
   7:../Core/common/Src/main.c ****   * @attention
   8:../Core/common/Src/main.c ****   *
   9:../Core/common/Src/main.c ****   * <h2><center>&copy; Copyright (c) 2021 STMicroelectronics.
  10:../Core/common/Src/main.c ****   * All rights reserved.</center></h2>
  11:../Core/common/Src/main.c ****   *
  12:../Core/common/Src/main.c ****   * This software component is licensed by ST under Ultimate Liberty license
  13:../Core/common/Src/main.c ****   * SLA0044, the "License"; You may not use this file except in compliance with
  14:../Core/common/Src/main.c ****   * the License. You may obtain a copy of the License at:
  15:../Core/common/Src/main.c ****   *                             www.st.com/SLA0044
  16:../Core/common/Src/main.c ****   *
  17:../Core/common/Src/main.c ****   ******************************************************************************
  18:../Core/common/Src/main.c ****   */
  19:../Core/common/Src/main.c **** /* USER CODE END Header */
  20:../Core/common/Src/main.c **** /* Includes ------------------------------------------------------------------*/
  21:../Core/common/Src/main.c **** #include "main.h"
  22:../Core/common/Src/main.c **** #include "cmsis_os.h"
  23:../Core/common/Src/main.c **** #include "adc.h"
  24:../Core/common/Src/main.c **** #include "crc.h"
  25:../Core/common/Src/main.c **** #include "i2c.h"
  26:../Core/common/Src/main.c **** #include "iwdg.h"
  27:../Core/common/Src/main.c **** #include "rtc.h"
  28:../Core/common/Src/main.c **** #include "spi.h"
  29:../Core/common/Src/main.c **** #include "usart.h"
  30:../Core/common/Src/main.c **** #include "wwdg.h"
  31:../Core/common/Src/main.c **** #include "gpio.h"
ARM GAS  C:\Users\doman\AppData\Local\Temp\ccjgTokr.s 			page 2


  32:../Core/common/Src/main.c **** #include "ds18b20.h"
  33:../Core/common/Src/main.c **** 
  34:../Core/common/Src/main.c **** /* Private includes ----------------------------------------------------------*/
  35:../Core/common/Src/main.c **** /* USER CODE BEGIN Includes */
  36:../Core/common/Src/main.c **** 
  37:../Core/common/Src/main.c **** /* USER CODE END Includes */
  38:../Core/common/Src/main.c **** 
  39:../Core/common/Src/main.c **** /* Private typedef -----------------------------------------------------------*/
  40:../Core/common/Src/main.c **** /* USER CODE BEGIN PTD */
  41:../Core/common/Src/main.c **** 
  42:../Core/common/Src/main.c **** /* USER CODE END PTD */
  43:../Core/common/Src/main.c **** 
  44:../Core/common/Src/main.c **** /* Private define ------------------------------------------------------------*/
  45:../Core/common/Src/main.c **** /* USER CODE BEGIN PD */
  46:../Core/common/Src/main.c **** /* USER CODE END PD */
  47:../Core/common/Src/main.c **** 
  48:../Core/common/Src/main.c **** /* Private macro -------------------------------------------------------------*/
  49:../Core/common/Src/main.c **** /* USER CODE BEGIN PM */
  50:../Core/common/Src/main.c **** 
  51:../Core/common/Src/main.c **** /* USER CODE END PM */
  52:../Core/common/Src/main.c **** 
  53:../Core/common/Src/main.c **** /* Private variables ---------------------------------------------------------*/
  54:../Core/common/Src/main.c **** 
  55:../Core/common/Src/main.c **** /* USER CODE BEGIN PV */
  56:../Core/common/Src/main.c **** 
  57:../Core/common/Src/main.c **** /* USER CODE END PV */
  58:../Core/common/Src/main.c **** 
  59:../Core/common/Src/main.c **** /* Private function prototypes -----------------------------------------------*/
  60:../Core/common/Src/main.c **** void SystemClock_Config(void);
  61:../Core/common/Src/main.c **** void MX_FREERTOS_Init(void);
  62:../Core/common/Src/main.c **** /* USER CODE BEGIN PFP */
  63:../Core/common/Src/main.c **** 
  64:../Core/common/Src/main.c **** /* USER CODE END PFP */
  65:../Core/common/Src/main.c **** 
  66:../Core/common/Src/main.c **** /* Private user code ---------------------------------------------------------*/
  67:../Core/common/Src/main.c **** /* USER CODE BEGIN 0 */
  68:../Core/common/Src/main.c **** 
  69:../Core/common/Src/main.c **** /* USER CODE END 0 */
  70:../Core/common/Src/main.c **** 
  71:../Core/common/Src/main.c **** /**
  72:../Core/common/Src/main.c ****   * @brief  The application entry point.
  73:../Core/common/Src/main.c ****   * @retval int
  74:../Core/common/Src/main.c ****   */
  75:../Core/common/Src/main.c **** int main(void)
  76:../Core/common/Src/main.c **** {
  77:../Core/common/Src/main.c ****   /* USER CODE BEGIN 1 */
  78:../Core/common/Src/main.c **** 
  79:../Core/common/Src/main.c ****   /* USER CODE END 1 */
  80:../Core/common/Src/main.c **** 
  81:../Core/common/Src/main.c ****   /* MCU Configuration--------------------------------------------------------*/
  82:../Core/common/Src/main.c **** 
  83:../Core/common/Src/main.c ****   /* Reset of all peripherals, Initializes the Flash interface and the Systick. */
  84:../Core/common/Src/main.c ****   HAL_Init();
  85:../Core/common/Src/main.c **** 
  86:../Core/common/Src/main.c ****   /* USER CODE BEGIN Init */
  87:../Core/common/Src/main.c **** 
  88:../Core/common/Src/main.c ****   /* USER CODE END Init */
ARM GAS  C:\Users\doman\AppData\Local\Temp\ccjgTokr.s 			page 3


  89:../Core/common/Src/main.c **** 
  90:../Core/common/Src/main.c ****   /* Configure the system clock */
  91:../Core/common/Src/main.c ****   SystemClock_Config();
  92:../Core/common/Src/main.c **** 
  93:../Core/common/Src/main.c ****   /* USER CODE BEGIN SysInit */
  94:../Core/common/Src/main.c **** 
  95:../Core/common/Src/main.c ****   /* USER CODE END SysInit */
  96:../Core/common/Src/main.c **** 
  97:../Core/common/Src/main.c ****   /* Initialize all configured peripherals */
  98:../Core/common/Src/main.c ****   MX_GPIO_Init();
  99:../Core/common/Src/main.c ****   MX_ADC1_Init();
 100:../Core/common/Src/main.c ****   MX_CRC_Init();
 101:../Core/common/Src/main.c ****   MX_I2C1_Init();
 102:../Core/common/Src/main.c ****   MX_IWDG_Init();
 103:../Core/common/Src/main.c ****   MX_RTC_Init();
 104:../Core/common/Src/main.c ****   MX_SPI1_Init();
 105:../Core/common/Src/main.c ****   MX_USART3_UART_Init();
 106:../Core/common/Src/main.c ****   MX_WWDG_Init();
 107:../Core/common/Src/main.c ****   /* USER CODE BEGIN 2 */
 108:../Core/common/Src/main.c **** 
 109:../Core/common/Src/main.c ****   /* USER CODE END 2 */
 110:../Core/common/Src/main.c **** 
 111:../Core/common/Src/main.c ****   /* Init scheduler */
 112:../Core/common/Src/main.c ****   osKernelInitialize();  /* Call init function for freertos objects (in freertos.c) */
 113:../Core/common/Src/main.c ****   MX_FREERTOS_Init();
 114:../Core/common/Src/main.c ****   /* Start scheduler */
 115:../Core/common/Src/main.c ****   osKernelStart();
 116:../Core/common/Src/main.c **** 
 117:../Core/common/Src/main.c ****   /* We should never get here as control is now taken by the scheduler */
 118:../Core/common/Src/main.c ****   /* Infinite loop */
 119:../Core/common/Src/main.c ****   /* USER CODE BEGIN WHILE */
 120:../Core/common/Src/main.c ****   while (1)
 121:../Core/common/Src/main.c ****   {
 122:../Core/common/Src/main.c ****     /* USER CODE END WHILE */
 123:../Core/common/Src/main.c **** 
 124:../Core/common/Src/main.c ****     /* USER CODE BEGIN 3 */
 125:../Core/common/Src/main.c ****   }
 126:../Core/common/Src/main.c ****   /* USER CODE END 3 */
 127:../Core/common/Src/main.c **** }
 128:../Core/common/Src/main.c **** 
 129:../Core/common/Src/main.c **** /**
 130:../Core/common/Src/main.c ****   * @brief System Clock Configuration
 131:../Core/common/Src/main.c ****   * @retval None
 132:../Core/common/Src/main.c ****   */
 133:../Core/common/Src/main.c **** void SystemClock_Config(void)
 134:../Core/common/Src/main.c **** {
 135:../Core/common/Src/main.c ****   RCC_OscInitTypeDef RCC_OscInitStruct = {0};
 136:../Core/common/Src/main.c ****   RCC_ClkInitTypeDef RCC_ClkInitStruct = {0};
 137:../Core/common/Src/main.c ****   RCC_PeriphCLKInitTypeDef PeriphClkInit = {0};
 138:../Core/common/Src/main.c **** 
 139:../Core/common/Src/main.c ****   /** Initializes the RCC Oscillators according to the specified parameters
 140:../Core/common/Src/main.c ****   * in the RCC_OscInitTypeDef structure.
 141:../Core/common/Src/main.c ****   */
 142:../Core/common/Src/main.c ****   RCC_OscInitStruct.OscillatorType = RCC_OSCILLATORTYPE_LSI|RCC_OSCILLATORTYPE_HSE;
 143:../Core/common/Src/main.c ****   RCC_OscInitStruct.HSEState = RCC_HSE_BYPASS;
 144:../Core/common/Src/main.c ****   RCC_OscInitStruct.HSEPredivValue = RCC_HSE_PREDIV_DIV1;
 145:../Core/common/Src/main.c ****   RCC_OscInitStruct.HSIState = RCC_HSI_ON;
ARM GAS  C:\Users\doman\AppData\Local\Temp\ccjgTokr.s 			page 4


 146:../Core/common/Src/main.c ****   RCC_OscInitStruct.LSIState = RCC_LSI_ON;
 147:../Core/common/Src/main.c ****   RCC_OscInitStruct.PLL.PLLState = RCC_PLL_ON;
 148:../Core/common/Src/main.c ****   RCC_OscInitStruct.PLL.PLLSource = RCC_PLLSOURCE_HSE;
 149:../Core/common/Src/main.c ****   RCC_OscInitStruct.PLL.PLLMUL = RCC_PLL_MUL6;
 150:../Core/common/Src/main.c ****   if (HAL_RCC_OscConfig(&RCC_OscInitStruct) != HAL_OK)
 151:../Core/common/Src/main.c ****   {
 152:../Core/common/Src/main.c ****     Error_Handler();
 153:../Core/common/Src/main.c ****   }
 154:../Core/common/Src/main.c ****   /** Initializes the CPU, AHB and APB buses clocks
 155:../Core/common/Src/main.c ****   */
 156:../Core/common/Src/main.c ****   RCC_ClkInitStruct.ClockType = RCC_CLOCKTYPE_HCLK|RCC_CLOCKTYPE_SYSCLK
 157:../Core/common/Src/main.c ****                               |RCC_CLOCKTYPE_PCLK1|RCC_CLOCKTYPE_PCLK2;
 158:../Core/common/Src/main.c ****   RCC_ClkInitStruct.SYSCLKSource = RCC_SYSCLKSOURCE_PLLCLK;
 159:../Core/common/Src/main.c ****   RCC_ClkInitStruct.AHBCLKDivider = RCC_SYSCLK_DIV1;
 160:../Core/common/Src/main.c ****   RCC_ClkInitStruct.APB1CLKDivider = RCC_HCLK_DIV2;
 161:../Core/common/Src/main.c ****   RCC_ClkInitStruct.APB2CLKDivider = RCC_HCLK_DIV1;
 162:../Core/common/Src/main.c **** 
 163:../Core/common/Src/main.c ****   if (HAL_RCC_ClockConfig(&RCC_ClkInitStruct, FLASH_LATENCY_1) != HAL_OK)
 164:../Core/common/Src/main.c ****   {
 165:../Core/common/Src/main.c ****     Error_Handler();
 166:../Core/common/Src/main.c ****   }
 167:../Core/common/Src/main.c ****   PeriphClkInit.PeriphClockSelection = RCC_PERIPHCLK_RTC|RCC_PERIPHCLK_ADC;
 168:../Core/common/Src/main.c ****   PeriphClkInit.RTCClockSelection = RCC_RTCCLKSOURCE_LSI;
 169:../Core/common/Src/main.c ****   PeriphClkInit.AdcClockSelection = RCC_ADCPCLK2_DIV4;
 170:../Core/common/Src/main.c ****   if (HAL_RCCEx_PeriphCLKConfig(&PeriphClkInit) != HAL_OK)
 171:../Core/common/Src/main.c ****   {
 172:../Core/common/Src/main.c ****     Error_Handler();
 173:../Core/common/Src/main.c ****   }
 174:../Core/common/Src/main.c **** }
 175:../Core/common/Src/main.c **** 
 176:../Core/common/Src/main.c **** /* USER CODE BEGIN 4 */
 177:../Core/common/Src/main.c **** 
 178:../Core/common/Src/main.c **** /* USER CODE END 4 */
 179:../Core/common/Src/main.c **** 
 180:../Core/common/Src/main.c ****  /**
 181:../Core/common/Src/main.c ****   * @brief  Period elapsed callback in non blocking mode
 182:../Core/common/Src/main.c ****   * @note   This function is called  when TIM1 interrupt took place, inside
 183:../Core/common/Src/main.c ****   * HAL_TIM_IRQHandler(). It makes a direct call to HAL_IncTick() to increment
 184:../Core/common/Src/main.c ****   * a global variable "uwTick" used as application time base.
 185:../Core/common/Src/main.c ****   * @param  htim : TIM handle
 186:../Core/common/Src/main.c ****   * @retval None
 187:../Core/common/Src/main.c ****   */
 188:../Core/common/Src/main.c **** void HAL_TIM_PeriodElapsedCallback(TIM_HandleTypeDef *htim)
 189:../Core/common/Src/main.c **** {
  28              		.loc 1 189 1 view -0
  29              		.cfi_startproc
  30              		@ args = 0, pretend = 0, frame = 0
  31              		@ frame_needed = 0, uses_anonymous_args = 0
  32              		.loc 1 189 1 is_stmt 0 view .LVU1
  33 0000 08B5     		push	{r3, lr}
  34              	.LCFI0:
  35              		.cfi_def_cfa_offset 8
  36              		.cfi_offset 3, -8
  37              		.cfi_offset 14, -4
 190:../Core/common/Src/main.c ****   /* USER CODE BEGIN Callback 0 */
 191:../Core/common/Src/main.c **** 
 192:../Core/common/Src/main.c ****   /* USER CODE END Callback 0 */
ARM GAS  C:\Users\doman\AppData\Local\Temp\ccjgTokr.s 			page 5


 193:../Core/common/Src/main.c ****   if (htim->Instance == TIM1) {
  38              		.loc 1 193 3 is_stmt 1 view .LVU2
  39              		.loc 1 193 11 is_stmt 0 view .LVU3
  40 0002 0268     		ldr	r2, [r0]
  41              		.loc 1 193 6 view .LVU4
  42 0004 034B     		ldr	r3, .L5
  43 0006 9A42     		cmp	r2, r3
  44 0008 00D0     		beq	.L4
  45              	.LVL1:
  46              	.L1:
 194:../Core/common/Src/main.c ****     HAL_IncTick();
 195:../Core/common/Src/main.c ****   }
 196:../Core/common/Src/main.c ****   /* USER CODE BEGIN Callback 1 */
 197:../Core/common/Src/main.c **** 
 198:../Core/common/Src/main.c ****   /* USER CODE END Callback 1 */
 199:../Core/common/Src/main.c **** }
  47              		.loc 1 199 1 view .LVU5
  48 000a 08BD     		pop	{r3, pc}
  49              	.LVL2:
  50              	.L4:
 194:../Core/common/Src/main.c ****     HAL_IncTick();
  51              		.loc 1 194 5 is_stmt 1 view .LVU6
  52 000c FFF7FEFF 		bl	HAL_IncTick
  53              	.LVL3:
  54              		.loc 1 199 1 is_stmt 0 view .LVU7
  55 0010 FBE7     		b	.L1
  56              	.L6:
  57 0012 00BF     		.align	2
  58              	.L5:
  59 0014 002C0140 		.word	1073818624
  60              		.cfi_endproc
  61              	.LFE71:
  63              		.section	.text.Error_Handler,"ax",%progbits
  64              		.align	1
  65              		.global	Error_Handler
  66              		.syntax unified
  67              		.thumb
  68              		.thumb_func
  69              		.fpu softvfp
  71              	Error_Handler:
  72              	.LFB72:
 200:../Core/common/Src/main.c **** 
 201:../Core/common/Src/main.c **** /**
 202:../Core/common/Src/main.c ****   * @brief  This function is executed in case of error occurrence.
 203:../Core/common/Src/main.c ****   * @retval None
 204:../Core/common/Src/main.c ****   */
 205:../Core/common/Src/main.c **** void Error_Handler(void)
 206:../Core/common/Src/main.c **** {
  73              		.loc 1 206 1 is_stmt 1 view -0
  74              		.cfi_startproc
  75              		@ Volatile: function does not return.
  76              		@ args = 0, pretend = 0, frame = 0
  77              		@ frame_needed = 0, uses_anonymous_args = 0
  78              		@ link register save eliminated.
 207:../Core/common/Src/main.c ****   /* USER CODE BEGIN Error_Handler_Debug */
 208:../Core/common/Src/main.c ****   /* User can add his own implementation to report the HAL error return state */
 209:../Core/common/Src/main.c ****   __disable_irq();
ARM GAS  C:\Users\doman\AppData\Local\Temp\ccjgTokr.s 			page 6


  79              		.loc 1 209 3 view .LVU9
  80              	.LBB4:
  81              	.LBI4:
  82              		.file 2 "../Drivers/CMSIS/Include/cmsis_gcc.h"
   1:../Drivers/CMSIS/Include/cmsis_gcc.h **** /**************************************************************************//**
   2:../Drivers/CMSIS/Include/cmsis_gcc.h ****  * @file     cmsis_gcc.h
   3:../Drivers/CMSIS/Include/cmsis_gcc.h ****  * @brief    CMSIS compiler GCC header file
   4:../Drivers/CMSIS/Include/cmsis_gcc.h ****  * @version  V5.0.4
   5:../Drivers/CMSIS/Include/cmsis_gcc.h ****  * @date     09. April 2018
   6:../Drivers/CMSIS/Include/cmsis_gcc.h ****  ******************************************************************************/
   7:../Drivers/CMSIS/Include/cmsis_gcc.h **** /*
   8:../Drivers/CMSIS/Include/cmsis_gcc.h ****  * Copyright (c) 2009-2018 Arm Limited. All rights reserved.
   9:../Drivers/CMSIS/Include/cmsis_gcc.h ****  *
  10:../Drivers/CMSIS/Include/cmsis_gcc.h ****  * SPDX-License-Identifier: Apache-2.0
  11:../Drivers/CMSIS/Include/cmsis_gcc.h ****  *
  12:../Drivers/CMSIS/Include/cmsis_gcc.h ****  * Licensed under the Apache License, Version 2.0 (the License); you may
  13:../Drivers/CMSIS/Include/cmsis_gcc.h ****  * not use this file except in compliance with the License.
  14:../Drivers/CMSIS/Include/cmsis_gcc.h ****  * You may obtain a copy of the License at
  15:../Drivers/CMSIS/Include/cmsis_gcc.h ****  *
  16:../Drivers/CMSIS/Include/cmsis_gcc.h ****  * www.apache.org/licenses/LICENSE-2.0
  17:../Drivers/CMSIS/Include/cmsis_gcc.h ****  *
  18:../Drivers/CMSIS/Include/cmsis_gcc.h ****  * Unless required by applicable law or agreed to in writing, software
  19:../Drivers/CMSIS/Include/cmsis_gcc.h ****  * distributed under the License is distributed on an AS IS BASIS, WITHOUT
  20:../Drivers/CMSIS/Include/cmsis_gcc.h ****  * WARRANTIES OR CONDITIONS OF ANY KIND, either express or implied.
  21:../Drivers/CMSIS/Include/cmsis_gcc.h ****  * See the License for the specific language governing permissions and
  22:../Drivers/CMSIS/Include/cmsis_gcc.h ****  * limitations under the License.
  23:../Drivers/CMSIS/Include/cmsis_gcc.h ****  */
  24:../Drivers/CMSIS/Include/cmsis_gcc.h **** 
  25:../Drivers/CMSIS/Include/cmsis_gcc.h **** #ifndef __CMSIS_GCC_H
  26:../Drivers/CMSIS/Include/cmsis_gcc.h **** #define __CMSIS_GCC_H
  27:../Drivers/CMSIS/Include/cmsis_gcc.h **** 
  28:../Drivers/CMSIS/Include/cmsis_gcc.h **** /* ignore some GCC warnings */
  29:../Drivers/CMSIS/Include/cmsis_gcc.h **** #pragma GCC diagnostic push
  30:../Drivers/CMSIS/Include/cmsis_gcc.h **** #pragma GCC diagnostic ignored "-Wsign-conversion"
  31:../Drivers/CMSIS/Include/cmsis_gcc.h **** #pragma GCC diagnostic ignored "-Wconversion"
  32:../Drivers/CMSIS/Include/cmsis_gcc.h **** #pragma GCC diagnostic ignored "-Wunused-parameter"
  33:../Drivers/CMSIS/Include/cmsis_gcc.h **** 
  34:../Drivers/CMSIS/Include/cmsis_gcc.h **** /* Fallback for __has_builtin */
  35:../Drivers/CMSIS/Include/cmsis_gcc.h **** #ifndef __has_builtin
  36:../Drivers/CMSIS/Include/cmsis_gcc.h ****   #define __has_builtin(x) (0)
  37:../Drivers/CMSIS/Include/cmsis_gcc.h **** #endif
  38:../Drivers/CMSIS/Include/cmsis_gcc.h **** 
  39:../Drivers/CMSIS/Include/cmsis_gcc.h **** /* CMSIS compiler specific defines */
  40:../Drivers/CMSIS/Include/cmsis_gcc.h **** #ifndef   __ASM
  41:../Drivers/CMSIS/Include/cmsis_gcc.h ****   #define __ASM                                  __asm
  42:../Drivers/CMSIS/Include/cmsis_gcc.h **** #endif
  43:../Drivers/CMSIS/Include/cmsis_gcc.h **** #ifndef   __INLINE
  44:../Drivers/CMSIS/Include/cmsis_gcc.h ****   #define __INLINE                               inline
  45:../Drivers/CMSIS/Include/cmsis_gcc.h **** #endif
  46:../Drivers/CMSIS/Include/cmsis_gcc.h **** #ifndef   __STATIC_INLINE
  47:../Drivers/CMSIS/Include/cmsis_gcc.h ****   #define __STATIC_INLINE                        static inline
  48:../Drivers/CMSIS/Include/cmsis_gcc.h **** #endif
  49:../Drivers/CMSIS/Include/cmsis_gcc.h **** #ifndef   __STATIC_FORCEINLINE                 
  50:../Drivers/CMSIS/Include/cmsis_gcc.h ****   #define __STATIC_FORCEINLINE                   __attribute__((always_inline)) static inline
  51:../Drivers/CMSIS/Include/cmsis_gcc.h **** #endif                                           
  52:../Drivers/CMSIS/Include/cmsis_gcc.h **** #ifndef   __NO_RETURN
  53:../Drivers/CMSIS/Include/cmsis_gcc.h ****   #define __NO_RETURN                            __attribute__((__noreturn__))
ARM GAS  C:\Users\doman\AppData\Local\Temp\ccjgTokr.s 			page 7


  54:../Drivers/CMSIS/Include/cmsis_gcc.h **** #endif
  55:../Drivers/CMSIS/Include/cmsis_gcc.h **** #ifndef   __USED
  56:../Drivers/CMSIS/Include/cmsis_gcc.h ****   #define __USED                                 __attribute__((used))
  57:../Drivers/CMSIS/Include/cmsis_gcc.h **** #endif
  58:../Drivers/CMSIS/Include/cmsis_gcc.h **** #ifndef   __WEAK
  59:../Drivers/CMSIS/Include/cmsis_gcc.h ****   #define __WEAK                                 __attribute__((weak))
  60:../Drivers/CMSIS/Include/cmsis_gcc.h **** #endif
  61:../Drivers/CMSIS/Include/cmsis_gcc.h **** #ifndef   __PACKED
  62:../Drivers/CMSIS/Include/cmsis_gcc.h ****   #define __PACKED                               __attribute__((packed, aligned(1)))
  63:../Drivers/CMSIS/Include/cmsis_gcc.h **** #endif
  64:../Drivers/CMSIS/Include/cmsis_gcc.h **** #ifndef   __PACKED_STRUCT
  65:../Drivers/CMSIS/Include/cmsis_gcc.h ****   #define __PACKED_STRUCT                        struct __attribute__((packed, aligned(1)))
  66:../Drivers/CMSIS/Include/cmsis_gcc.h **** #endif
  67:../Drivers/CMSIS/Include/cmsis_gcc.h **** #ifndef   __PACKED_UNION
  68:../Drivers/CMSIS/Include/cmsis_gcc.h ****   #define __PACKED_UNION                         union __attribute__((packed, aligned(1)))
  69:../Drivers/CMSIS/Include/cmsis_gcc.h **** #endif
  70:../Drivers/CMSIS/Include/cmsis_gcc.h **** #ifndef   __UNALIGNED_UINT32        /* deprecated */
  71:../Drivers/CMSIS/Include/cmsis_gcc.h ****   #pragma GCC diagnostic push
  72:../Drivers/CMSIS/Include/cmsis_gcc.h ****   #pragma GCC diagnostic ignored "-Wpacked"
  73:../Drivers/CMSIS/Include/cmsis_gcc.h ****   #pragma GCC diagnostic ignored "-Wattributes"
  74:../Drivers/CMSIS/Include/cmsis_gcc.h ****   struct __attribute__((packed)) T_UINT32 { uint32_t v; };
  75:../Drivers/CMSIS/Include/cmsis_gcc.h ****   #pragma GCC diagnostic pop
  76:../Drivers/CMSIS/Include/cmsis_gcc.h ****   #define __UNALIGNED_UINT32(x)                  (((struct T_UINT32 *)(x))->v)
  77:../Drivers/CMSIS/Include/cmsis_gcc.h **** #endif
  78:../Drivers/CMSIS/Include/cmsis_gcc.h **** #ifndef   __UNALIGNED_UINT16_WRITE
  79:../Drivers/CMSIS/Include/cmsis_gcc.h ****   #pragma GCC diagnostic push
  80:../Drivers/CMSIS/Include/cmsis_gcc.h ****   #pragma GCC diagnostic ignored "-Wpacked"
  81:../Drivers/CMSIS/Include/cmsis_gcc.h ****   #pragma GCC diagnostic ignored "-Wattributes"
  82:../Drivers/CMSIS/Include/cmsis_gcc.h ****   __PACKED_STRUCT T_UINT16_WRITE { uint16_t v; };
  83:../Drivers/CMSIS/Include/cmsis_gcc.h ****   #pragma GCC diagnostic pop
  84:../Drivers/CMSIS/Include/cmsis_gcc.h ****   #define __UNALIGNED_UINT16_WRITE(addr, val)    (void)((((struct T_UINT16_WRITE *)(void *)(addr))-
  85:../Drivers/CMSIS/Include/cmsis_gcc.h **** #endif
  86:../Drivers/CMSIS/Include/cmsis_gcc.h **** #ifndef   __UNALIGNED_UINT16_READ
  87:../Drivers/CMSIS/Include/cmsis_gcc.h ****   #pragma GCC diagnostic push
  88:../Drivers/CMSIS/Include/cmsis_gcc.h ****   #pragma GCC diagnostic ignored "-Wpacked"
  89:../Drivers/CMSIS/Include/cmsis_gcc.h ****   #pragma GCC diagnostic ignored "-Wattributes"
  90:../Drivers/CMSIS/Include/cmsis_gcc.h ****   __PACKED_STRUCT T_UINT16_READ { uint16_t v; };
  91:../Drivers/CMSIS/Include/cmsis_gcc.h ****   #pragma GCC diagnostic pop
  92:../Drivers/CMSIS/Include/cmsis_gcc.h ****   #define __UNALIGNED_UINT16_READ(addr)          (((const struct T_UINT16_READ *)(const void *)(add
  93:../Drivers/CMSIS/Include/cmsis_gcc.h **** #endif
  94:../Drivers/CMSIS/Include/cmsis_gcc.h **** #ifndef   __UNALIGNED_UINT32_WRITE
  95:../Drivers/CMSIS/Include/cmsis_gcc.h ****   #pragma GCC diagnostic push
  96:../Drivers/CMSIS/Include/cmsis_gcc.h ****   #pragma GCC diagnostic ignored "-Wpacked"
  97:../Drivers/CMSIS/Include/cmsis_gcc.h ****   #pragma GCC diagnostic ignored "-Wattributes"
  98:../Drivers/CMSIS/Include/cmsis_gcc.h ****   __PACKED_STRUCT T_UINT32_WRITE { uint32_t v; };
  99:../Drivers/CMSIS/Include/cmsis_gcc.h ****   #pragma GCC diagnostic pop
 100:../Drivers/CMSIS/Include/cmsis_gcc.h ****   #define __UNALIGNED_UINT32_WRITE(addr, val)    (void)((((struct T_UINT32_WRITE *)(void *)(addr))-
 101:../Drivers/CMSIS/Include/cmsis_gcc.h **** #endif
 102:../Drivers/CMSIS/Include/cmsis_gcc.h **** #ifndef   __UNALIGNED_UINT32_READ
 103:../Drivers/CMSIS/Include/cmsis_gcc.h ****   #pragma GCC diagnostic push
 104:../Drivers/CMSIS/Include/cmsis_gcc.h ****   #pragma GCC diagnostic ignored "-Wpacked"
 105:../Drivers/CMSIS/Include/cmsis_gcc.h ****   #pragma GCC diagnostic ignored "-Wattributes"
 106:../Drivers/CMSIS/Include/cmsis_gcc.h ****   __PACKED_STRUCT T_UINT32_READ { uint32_t v; };
 107:../Drivers/CMSIS/Include/cmsis_gcc.h ****   #pragma GCC diagnostic pop
 108:../Drivers/CMSIS/Include/cmsis_gcc.h ****   #define __UNALIGNED_UINT32_READ(addr)          (((const struct T_UINT32_READ *)(const void *)(add
 109:../Drivers/CMSIS/Include/cmsis_gcc.h **** #endif
 110:../Drivers/CMSIS/Include/cmsis_gcc.h **** #ifndef   __ALIGNED
ARM GAS  C:\Users\doman\AppData\Local\Temp\ccjgTokr.s 			page 8


 111:../Drivers/CMSIS/Include/cmsis_gcc.h ****   #define __ALIGNED(x)                           __attribute__((aligned(x)))
 112:../Drivers/CMSIS/Include/cmsis_gcc.h **** #endif
 113:../Drivers/CMSIS/Include/cmsis_gcc.h **** #ifndef   __RESTRICT
 114:../Drivers/CMSIS/Include/cmsis_gcc.h ****   #define __RESTRICT                             __restrict
 115:../Drivers/CMSIS/Include/cmsis_gcc.h **** #endif
 116:../Drivers/CMSIS/Include/cmsis_gcc.h **** 
 117:../Drivers/CMSIS/Include/cmsis_gcc.h **** 
 118:../Drivers/CMSIS/Include/cmsis_gcc.h **** /* ###########################  Core Function Access  ########################### */
 119:../Drivers/CMSIS/Include/cmsis_gcc.h **** /** \ingroup  CMSIS_Core_FunctionInterface
 120:../Drivers/CMSIS/Include/cmsis_gcc.h ****     \defgroup CMSIS_Core_RegAccFunctions CMSIS Core Register Access Functions
 121:../Drivers/CMSIS/Include/cmsis_gcc.h ****   @{
 122:../Drivers/CMSIS/Include/cmsis_gcc.h ****  */
 123:../Drivers/CMSIS/Include/cmsis_gcc.h **** 
 124:../Drivers/CMSIS/Include/cmsis_gcc.h **** /**
 125:../Drivers/CMSIS/Include/cmsis_gcc.h ****   \brief   Enable IRQ Interrupts
 126:../Drivers/CMSIS/Include/cmsis_gcc.h ****   \details Enables IRQ interrupts by clearing the I-bit in the CPSR.
 127:../Drivers/CMSIS/Include/cmsis_gcc.h ****            Can only be executed in Privileged modes.
 128:../Drivers/CMSIS/Include/cmsis_gcc.h ****  */
 129:../Drivers/CMSIS/Include/cmsis_gcc.h **** __STATIC_FORCEINLINE void __enable_irq(void)
 130:../Drivers/CMSIS/Include/cmsis_gcc.h **** {
 131:../Drivers/CMSIS/Include/cmsis_gcc.h ****   __ASM volatile ("cpsie i" : : : "memory");
 132:../Drivers/CMSIS/Include/cmsis_gcc.h **** }
 133:../Drivers/CMSIS/Include/cmsis_gcc.h **** 
 134:../Drivers/CMSIS/Include/cmsis_gcc.h **** 
 135:../Drivers/CMSIS/Include/cmsis_gcc.h **** /**
 136:../Drivers/CMSIS/Include/cmsis_gcc.h ****   \brief   Disable IRQ Interrupts
 137:../Drivers/CMSIS/Include/cmsis_gcc.h ****   \details Disables IRQ interrupts by setting the I-bit in the CPSR.
 138:../Drivers/CMSIS/Include/cmsis_gcc.h ****            Can only be executed in Privileged modes.
 139:../Drivers/CMSIS/Include/cmsis_gcc.h ****  */
 140:../Drivers/CMSIS/Include/cmsis_gcc.h **** __STATIC_FORCEINLINE void __disable_irq(void)
  83              		.loc 2 140 27 view .LVU10
  84              	.LBB5:
 141:../Drivers/CMSIS/Include/cmsis_gcc.h **** {
 142:../Drivers/CMSIS/Include/cmsis_gcc.h ****   __ASM volatile ("cpsid i" : : : "memory");
  85              		.loc 2 142 3 view .LVU11
  86              		.syntax unified
  87              	@ 142 "../Drivers/CMSIS/Include/cmsis_gcc.h" 1
  88 0000 72B6     		cpsid i
  89              	@ 0 "" 2
  90              		.thumb
  91              		.syntax unified
  92              	.L8:
  93              	.LBE5:
  94              	.LBE4:
 210:../Core/common/Src/main.c ****   while (1)
  95              		.loc 1 210 3 discriminator 1 view .LVU12
 211:../Core/common/Src/main.c ****   {
 212:../Core/common/Src/main.c ****   }
  96              		.loc 1 212 3 discriminator 1 view .LVU13
 210:../Core/common/Src/main.c ****   while (1)
  97              		.loc 1 210 9 discriminator 1 view .LVU14
  98 0002 FEE7     		b	.L8
  99              		.cfi_endproc
 100              	.LFE72:
 102              		.section	.text.SystemClock_Config,"ax",%progbits
 103              		.align	1
 104              		.global	SystemClock_Config
ARM GAS  C:\Users\doman\AppData\Local\Temp\ccjgTokr.s 			page 9


 105              		.syntax unified
 106              		.thumb
 107              		.thumb_func
 108              		.fpu softvfp
 110              	SystemClock_Config:
 111              	.LFB70:
 134:../Core/common/Src/main.c ****   RCC_OscInitTypeDef RCC_OscInitStruct = {0};
 112              		.loc 1 134 1 view -0
 113              		.cfi_startproc
 114              		@ args = 0, pretend = 0, frame = 80
 115              		@ frame_needed = 0, uses_anonymous_args = 0
 116 0000 00B5     		push	{lr}
 117              	.LCFI1:
 118              		.cfi_def_cfa_offset 4
 119              		.cfi_offset 14, -4
 120 0002 95B0     		sub	sp, sp, #84
 121              	.LCFI2:
 122              		.cfi_def_cfa_offset 88
 135:../Core/common/Src/main.c ****   RCC_ClkInitTypeDef RCC_ClkInitStruct = {0};
 123              		.loc 1 135 3 view .LVU16
 135:../Core/common/Src/main.c ****   RCC_ClkInitTypeDef RCC_ClkInitStruct = {0};
 124              		.loc 1 135 22 is_stmt 0 view .LVU17
 125 0004 0023     		movs	r3, #0
 126 0006 0D93     		str	r3, [sp, #52]
 127 0008 0F93     		str	r3, [sp, #60]
 136:../Core/common/Src/main.c ****   RCC_PeriphCLKInitTypeDef PeriphClkInit = {0};
 128              		.loc 1 136 3 is_stmt 1 view .LVU18
 136:../Core/common/Src/main.c ****   RCC_PeriphCLKInitTypeDef PeriphClkInit = {0};
 129              		.loc 1 136 22 is_stmt 0 view .LVU19
 130 000a 0593     		str	r3, [sp, #20]
 131 000c 0693     		str	r3, [sp, #24]
 132 000e 0793     		str	r3, [sp, #28]
 133 0010 0893     		str	r3, [sp, #32]
 134 0012 0993     		str	r3, [sp, #36]
 137:../Core/common/Src/main.c **** 
 135              		.loc 1 137 3 is_stmt 1 view .LVU20
 137:../Core/common/Src/main.c **** 
 136              		.loc 1 137 28 is_stmt 0 view .LVU21
 137 0014 0193     		str	r3, [sp, #4]
 138 0016 0293     		str	r3, [sp, #8]
 139 0018 0393     		str	r3, [sp, #12]
 140 001a 0493     		str	r3, [sp, #16]
 142:../Core/common/Src/main.c ****   RCC_OscInitStruct.HSEState = RCC_HSE_BYPASS;
 141              		.loc 1 142 3 is_stmt 1 view .LVU22
 142:../Core/common/Src/main.c ****   RCC_OscInitStruct.HSEState = RCC_HSE_BYPASS;
 142              		.loc 1 142 36 is_stmt 0 view .LVU23
 143 001c 0922     		movs	r2, #9
 144 001e 0A92     		str	r2, [sp, #40]
 143:../Core/common/Src/main.c ****   RCC_OscInitStruct.HSEPredivValue = RCC_HSE_PREDIV_DIV1;
 145              		.loc 1 143 3 is_stmt 1 view .LVU24
 143:../Core/common/Src/main.c ****   RCC_OscInitStruct.HSEPredivValue = RCC_HSE_PREDIV_DIV1;
 146              		.loc 1 143 30 is_stmt 0 view .LVU25
 147 0020 4FF4A022 		mov	r2, #327680
 148 0024 0B92     		str	r2, [sp, #44]
 144:../Core/common/Src/main.c ****   RCC_OscInitStruct.HSIState = RCC_HSI_ON;
 149              		.loc 1 144 3 is_stmt 1 view .LVU26
 144:../Core/common/Src/main.c ****   RCC_OscInitStruct.HSIState = RCC_HSI_ON;
ARM GAS  C:\Users\doman\AppData\Local\Temp\ccjgTokr.s 			page 10


 150              		.loc 1 144 36 is_stmt 0 view .LVU27
 151 0026 0C93     		str	r3, [sp, #48]
 145:../Core/common/Src/main.c ****   RCC_OscInitStruct.LSIState = RCC_LSI_ON;
 152              		.loc 1 145 3 is_stmt 1 view .LVU28
 145:../Core/common/Src/main.c ****   RCC_OscInitStruct.LSIState = RCC_LSI_ON;
 153              		.loc 1 145 30 is_stmt 0 view .LVU29
 154 0028 0123     		movs	r3, #1
 155 002a 0E93     		str	r3, [sp, #56]
 146:../Core/common/Src/main.c ****   RCC_OscInitStruct.PLL.PLLState = RCC_PLL_ON;
 156              		.loc 1 146 3 is_stmt 1 view .LVU30
 146:../Core/common/Src/main.c ****   RCC_OscInitStruct.PLL.PLLState = RCC_PLL_ON;
 157              		.loc 1 146 30 is_stmt 0 view .LVU31
 158 002c 1093     		str	r3, [sp, #64]
 147:../Core/common/Src/main.c ****   RCC_OscInitStruct.PLL.PLLSource = RCC_PLLSOURCE_HSE;
 159              		.loc 1 147 3 is_stmt 1 view .LVU32
 147:../Core/common/Src/main.c ****   RCC_OscInitStruct.PLL.PLLSource = RCC_PLLSOURCE_HSE;
 160              		.loc 1 147 34 is_stmt 0 view .LVU33
 161 002e 0223     		movs	r3, #2
 162 0030 1193     		str	r3, [sp, #68]
 148:../Core/common/Src/main.c ****   RCC_OscInitStruct.PLL.PLLMUL = RCC_PLL_MUL6;
 163              		.loc 1 148 3 is_stmt 1 view .LVU34
 148:../Core/common/Src/main.c ****   RCC_OscInitStruct.PLL.PLLMUL = RCC_PLL_MUL6;
 164              		.loc 1 148 35 is_stmt 0 view .LVU35
 165 0032 4FF48033 		mov	r3, #65536
 166 0036 1293     		str	r3, [sp, #72]
 149:../Core/common/Src/main.c ****   if (HAL_RCC_OscConfig(&RCC_OscInitStruct) != HAL_OK)
 167              		.loc 1 149 3 is_stmt 1 view .LVU36
 149:../Core/common/Src/main.c ****   if (HAL_RCC_OscConfig(&RCC_OscInitStruct) != HAL_OK)
 168              		.loc 1 149 32 is_stmt 0 view .LVU37
 169 0038 4FF48013 		mov	r3, #1048576
 170 003c 1393     		str	r3, [sp, #76]
 150:../Core/common/Src/main.c ****   {
 171              		.loc 1 150 3 is_stmt 1 view .LVU38
 150:../Core/common/Src/main.c ****   {
 172              		.loc 1 150 7 is_stmt 0 view .LVU39
 173 003e 0AA8     		add	r0, sp, #40
 174 0040 FFF7FEFF 		bl	HAL_RCC_OscConfig
 175              	.LVL4:
 150:../Core/common/Src/main.c ****   {
 176              		.loc 1 150 6 view .LVU40
 177 0044 E8B9     		cbnz	r0, .L14
 156:../Core/common/Src/main.c ****                               |RCC_CLOCKTYPE_PCLK1|RCC_CLOCKTYPE_PCLK2;
 178              		.loc 1 156 3 is_stmt 1 view .LVU41
 156:../Core/common/Src/main.c ****                               |RCC_CLOCKTYPE_PCLK1|RCC_CLOCKTYPE_PCLK2;
 179              		.loc 1 156 31 is_stmt 0 view .LVU42
 180 0046 0F23     		movs	r3, #15
 181 0048 0593     		str	r3, [sp, #20]
 158:../Core/common/Src/main.c ****   RCC_ClkInitStruct.AHBCLKDivider = RCC_SYSCLK_DIV1;
 182              		.loc 1 158 3 is_stmt 1 view .LVU43
 158:../Core/common/Src/main.c ****   RCC_ClkInitStruct.AHBCLKDivider = RCC_SYSCLK_DIV1;
 183              		.loc 1 158 34 is_stmt 0 view .LVU44
 184 004a 0223     		movs	r3, #2
 185 004c 0693     		str	r3, [sp, #24]
 159:../Core/common/Src/main.c ****   RCC_ClkInitStruct.APB1CLKDivider = RCC_HCLK_DIV2;
 186              		.loc 1 159 3 is_stmt 1 view .LVU45
 159:../Core/common/Src/main.c ****   RCC_ClkInitStruct.APB1CLKDivider = RCC_HCLK_DIV2;
 187              		.loc 1 159 35 is_stmt 0 view .LVU46
ARM GAS  C:\Users\doman\AppData\Local\Temp\ccjgTokr.s 			page 11


 188 004e 0023     		movs	r3, #0
 189 0050 0793     		str	r3, [sp, #28]
 160:../Core/common/Src/main.c ****   RCC_ClkInitStruct.APB2CLKDivider = RCC_HCLK_DIV1;
 190              		.loc 1 160 3 is_stmt 1 view .LVU47
 160:../Core/common/Src/main.c ****   RCC_ClkInitStruct.APB2CLKDivider = RCC_HCLK_DIV1;
 191              		.loc 1 160 36 is_stmt 0 view .LVU48
 192 0052 4FF48062 		mov	r2, #1024
 193 0056 0892     		str	r2, [sp, #32]
 161:../Core/common/Src/main.c **** 
 194              		.loc 1 161 3 is_stmt 1 view .LVU49
 161:../Core/common/Src/main.c **** 
 195              		.loc 1 161 36 is_stmt 0 view .LVU50
 196 0058 0993     		str	r3, [sp, #36]
 163:../Core/common/Src/main.c ****   {
 197              		.loc 1 163 3 is_stmt 1 view .LVU51
 163:../Core/common/Src/main.c ****   {
 198              		.loc 1 163 7 is_stmt 0 view .LVU52
 199 005a 0121     		movs	r1, #1
 200 005c 05A8     		add	r0, sp, #20
 201 005e FFF7FEFF 		bl	HAL_RCC_ClockConfig
 202              	.LVL5:
 163:../Core/common/Src/main.c ****   {
 203              		.loc 1 163 6 view .LVU53
 204 0062 80B9     		cbnz	r0, .L15
 167:../Core/common/Src/main.c ****   PeriphClkInit.RTCClockSelection = RCC_RTCCLKSOURCE_LSI;
 205              		.loc 1 167 3 is_stmt 1 view .LVU54
 167:../Core/common/Src/main.c ****   PeriphClkInit.RTCClockSelection = RCC_RTCCLKSOURCE_LSI;
 206              		.loc 1 167 38 is_stmt 0 view .LVU55
 207 0064 0323     		movs	r3, #3
 208 0066 0193     		str	r3, [sp, #4]
 168:../Core/common/Src/main.c ****   PeriphClkInit.AdcClockSelection = RCC_ADCPCLK2_DIV4;
 209              		.loc 1 168 3 is_stmt 1 view .LVU56
 168:../Core/common/Src/main.c ****   PeriphClkInit.AdcClockSelection = RCC_ADCPCLK2_DIV4;
 210              		.loc 1 168 35 is_stmt 0 view .LVU57
 211 0068 4FF40073 		mov	r3, #512
 212 006c 0293     		str	r3, [sp, #8]
 169:../Core/common/Src/main.c ****   if (HAL_RCCEx_PeriphCLKConfig(&PeriphClkInit) != HAL_OK)
 213              		.loc 1 169 3 is_stmt 1 view .LVU58
 169:../Core/common/Src/main.c ****   if (HAL_RCCEx_PeriphCLKConfig(&PeriphClkInit) != HAL_OK)
 214              		.loc 1 169 35 is_stmt 0 view .LVU59
 215 006e 4FF48043 		mov	r3, #16384
 216 0072 0393     		str	r3, [sp, #12]
 170:../Core/common/Src/main.c ****   {
 217              		.loc 1 170 3 is_stmt 1 view .LVU60
 170:../Core/common/Src/main.c ****   {
 218              		.loc 1 170 7 is_stmt 0 view .LVU61
 219 0074 01A8     		add	r0, sp, #4
 220 0076 FFF7FEFF 		bl	HAL_RCCEx_PeriphCLKConfig
 221              	.LVL6:
 170:../Core/common/Src/main.c ****   {
 222              		.loc 1 170 6 view .LVU62
 223 007a 30B9     		cbnz	r0, .L16
 174:../Core/common/Src/main.c **** 
 224              		.loc 1 174 1 view .LVU63
 225 007c 15B0     		add	sp, sp, #84
 226              	.LCFI3:
 227              		.cfi_remember_state
ARM GAS  C:\Users\doman\AppData\Local\Temp\ccjgTokr.s 			page 12


 228              		.cfi_def_cfa_offset 4
 229              		@ sp needed
 230 007e 5DF804FB 		ldr	pc, [sp], #4
 231              	.L14:
 232              	.LCFI4:
 233              		.cfi_restore_state
 152:../Core/common/Src/main.c ****   }
 234              		.loc 1 152 5 is_stmt 1 view .LVU64
 235 0082 FFF7FEFF 		bl	Error_Handler
 236              	.LVL7:
 237              	.L15:
 165:../Core/common/Src/main.c ****   }
 238              		.loc 1 165 5 view .LVU65
 239 0086 FFF7FEFF 		bl	Error_Handler
 240              	.LVL8:
 241              	.L16:
 172:../Core/common/Src/main.c ****   }
 242              		.loc 1 172 5 view .LVU66
 243 008a FFF7FEFF 		bl	Error_Handler
 244              	.LVL9:
 245              		.cfi_endproc
 246              	.LFE70:
 248              		.section	.text.main,"ax",%progbits
 249              		.align	1
 250              		.global	main
 251              		.syntax unified
 252              		.thumb
 253              		.thumb_func
 254              		.fpu softvfp
 256              	main:
 257              	.LFB69:
  76:../Core/common/Src/main.c ****   /* USER CODE BEGIN 1 */
 258              		.loc 1 76 1 view -0
 259              		.cfi_startproc
 260              		@ Volatile: function does not return.
 261              		@ args = 0, pretend = 0, frame = 0
 262              		@ frame_needed = 0, uses_anonymous_args = 0
 263 0000 08B5     		push	{r3, lr}
 264              	.LCFI5:
 265              		.cfi_def_cfa_offset 8
 266              		.cfi_offset 3, -8
 267              		.cfi_offset 14, -4
  84:../Core/common/Src/main.c **** 
 268              		.loc 1 84 3 view .LVU68
 269 0002 FFF7FEFF 		bl	HAL_Init
 270              	.LVL10:
  91:../Core/common/Src/main.c **** 
 271              		.loc 1 91 3 view .LVU69
 272 0006 FFF7FEFF 		bl	SystemClock_Config
 273              	.LVL11:
  98:../Core/common/Src/main.c ****   MX_ADC1_Init();
 274              		.loc 1 98 3 view .LVU70
 275 000a FFF7FEFF 		bl	MX_GPIO_Init
 276              	.LVL12:
  99:../Core/common/Src/main.c ****   MX_CRC_Init();
 277              		.loc 1 99 3 view .LVU71
 278 000e FFF7FEFF 		bl	MX_ADC1_Init
ARM GAS  C:\Users\doman\AppData\Local\Temp\ccjgTokr.s 			page 13


 279              	.LVL13:
 100:../Core/common/Src/main.c ****   MX_I2C1_Init();
 280              		.loc 1 100 3 view .LVU72
 281 0012 FFF7FEFF 		bl	MX_CRC_Init
 282              	.LVL14:
 101:../Core/common/Src/main.c ****   MX_IWDG_Init();
 283              		.loc 1 101 3 view .LVU73
 284 0016 FFF7FEFF 		bl	MX_I2C1_Init
 285              	.LVL15:
 102:../Core/common/Src/main.c ****   MX_RTC_Init();
 286              		.loc 1 102 3 view .LVU74
 287 001a FFF7FEFF 		bl	MX_IWDG_Init
 288              	.LVL16:
 103:../Core/common/Src/main.c ****   MX_SPI1_Init();
 289              		.loc 1 103 3 view .LVU75
 290 001e FFF7FEFF 		bl	MX_RTC_Init
 291              	.LVL17:
 104:../Core/common/Src/main.c ****   MX_USART3_UART_Init();
 292              		.loc 1 104 3 view .LVU76
 293 0022 FFF7FEFF 		bl	MX_SPI1_Init
 294              	.LVL18:
 105:../Core/common/Src/main.c ****   MX_WWDG_Init();
 295              		.loc 1 105 3 view .LVU77
 296 0026 FFF7FEFF 		bl	MX_USART3_UART_Init
 297              	.LVL19:
 106:../Core/common/Src/main.c ****   /* USER CODE BEGIN 2 */
 298              		.loc 1 106 3 view .LVU78
 299 002a FFF7FEFF 		bl	MX_WWDG_Init
 300              	.LVL20:
 112:../Core/common/Src/main.c ****   MX_FREERTOS_Init();
 301              		.loc 1 112 3 view .LVU79
 302 002e FFF7FEFF 		bl	osKernelInitialize
 303              	.LVL21:
 113:../Core/common/Src/main.c ****   /* Start scheduler */
 304              		.loc 1 113 3 view .LVU80
 305 0032 FFF7FEFF 		bl	MX_FREERTOS_Init
 306              	.LVL22:
 115:../Core/common/Src/main.c **** 
 307              		.loc 1 115 3 view .LVU81
 308 0036 FFF7FEFF 		bl	osKernelStart
 309              	.LVL23:
 310              	.L18:
 120:../Core/common/Src/main.c ****   {
 311              		.loc 1 120 3 discriminator 1 view .LVU82
 125:../Core/common/Src/main.c ****   /* USER CODE END 3 */
 312              		.loc 1 125 3 discriminator 1 view .LVU83
 120:../Core/common/Src/main.c ****   {
 313              		.loc 1 120 9 discriminator 1 view .LVU84
 314 003a FEE7     		b	.L18
 315              		.cfi_endproc
 316              	.LFE69:
 318              		.text
 319              	.Letext0:
 320              		.file 3 "c:\\program files (x86)\\gnu arm embedded toolchain\\9 2020-q2-update\\arm-none-eabi\\inc
 321              		.file 4 "c:\\program files (x86)\\gnu arm embedded toolchain\\9 2020-q2-update\\arm-none-eabi\\inc
 322              		.file 5 "../Drivers/CMSIS/Include/core_cm3.h"
 323              		.file 6 "../Drivers/CMSIS/Device/ST/STM32F1xx/Include/system_stm32f1xx.h"
ARM GAS  C:\Users\doman\AppData\Local\Temp\ccjgTokr.s 			page 14


 324              		.file 7 "../Drivers/CMSIS/Device/ST/STM32F1xx/Include/stm32f103xb.h"
 325              		.file 8 "../Drivers/CMSIS/Device/ST/STM32F1xx/Include/stm32f1xx.h"
 326              		.file 9 "../Drivers/STM32F1xx_HAL_Driver/Inc/stm32f1xx_hal_def.h"
 327              		.file 10 "../Drivers/STM32F1xx_HAL_Driver/Inc/stm32f1xx_hal_rcc.h"
 328              		.file 11 "../Drivers/STM32F1xx_HAL_Driver/Inc/stm32f1xx_hal_rcc_ex.h"
 329              		.file 12 "../Drivers/STM32F1xx_HAL_Driver/Inc/stm32f1xx_hal_dma.h"
 330              		.file 13 "../Drivers/STM32F1xx_HAL_Driver/Inc/stm32f1xx_hal_adc.h"
 331              		.file 14 "../Drivers/STM32F1xx_HAL_Driver/Inc/stm32f1xx_hal_crc.h"
 332              		.file 15 "../Drivers/STM32F1xx_HAL_Driver/Inc/stm32f1xx_hal_i2c.h"
 333              		.file 16 "../Drivers/STM32F1xx_HAL_Driver/Inc/stm32f1xx_hal_iwdg.h"
 334              		.file 17 "../Drivers/STM32F1xx_HAL_Driver/Inc/stm32f1xx_hal_rtc.h"
 335              		.file 18 "../Drivers/STM32F1xx_HAL_Driver/Inc/stm32f1xx_hal_spi.h"
 336              		.file 19 "../Drivers/STM32F1xx_HAL_Driver/Inc/stm32f1xx_hal_tim.h"
 337              		.file 20 "../Drivers/STM32F1xx_HAL_Driver/Inc/stm32f1xx_hal_uart.h"
 338              		.file 21 "../Drivers/STM32F1xx_HAL_Driver/Inc/stm32f1xx_hal_wwdg.h"
 339              		.file 22 "../Drivers/STM32F1xx_HAL_Driver/Inc/stm32f1xx_hal.h"
 340              		.file 23 "../Core/common/Inc/adc.h"
 341              		.file 24 "../Core/common/Inc/crc.h"
 342              		.file 25 "../Core/common/Inc/i2c.h"
 343              		.file 26 "../Core/common/Inc/iwdg.h"
 344              		.file 27 "../Core/common/Inc/rtc.h"
 345              		.file 28 "../Core/common/Inc/spi.h"
 346              		.file 29 "../Core/common/Inc/usart.h"
 347              		.file 30 "../Core/common/Inc/wwdg.h"
 348              		.file 31 "../Core/common/Inc/gpio.h"
 349              		.file 32 "../Middlewares/Third_Party/FreeRTOS/Source/CMSIS_RTOS_V2/cmsis_os2.h"
ARM GAS  C:\Users\doman\AppData\Local\Temp\ccjgTokr.s 			page 15


DEFINED SYMBOLS
                            *ABS*:00000000 main.c
C:\Users\doman\AppData\Local\Temp\ccjgTokr.s:16     .text.HAL_TIM_PeriodElapsedCallback:00000000 $t
C:\Users\doman\AppData\Local\Temp\ccjgTokr.s:24     .text.HAL_TIM_PeriodElapsedCallback:00000000 HAL_TIM_PeriodElapsedCallback
C:\Users\doman\AppData\Local\Temp\ccjgTokr.s:59     .text.HAL_TIM_PeriodElapsedCallback:00000014 $d
C:\Users\doman\AppData\Local\Temp\ccjgTokr.s:64     .text.Error_Handler:00000000 $t
C:\Users\doman\AppData\Local\Temp\ccjgTokr.s:71     .text.Error_Handler:00000000 Error_Handler
C:\Users\doman\AppData\Local\Temp\ccjgTokr.s:103    .text.SystemClock_Config:00000000 $t
C:\Users\doman\AppData\Local\Temp\ccjgTokr.s:110    .text.SystemClock_Config:00000000 SystemClock_Config
C:\Users\doman\AppData\Local\Temp\ccjgTokr.s:249    .text.main:00000000 $t
C:\Users\doman\AppData\Local\Temp\ccjgTokr.s:256    .text.main:00000000 main

UNDEFINED SYMBOLS
HAL_IncTick
HAL_RCC_OscConfig
HAL_RCC_ClockConfig
HAL_RCCEx_PeriphCLKConfig
HAL_Init
MX_GPIO_Init
MX_ADC1_Init
MX_CRC_Init
MX_I2C1_Init
MX_IWDG_Init
MX_RTC_Init
MX_SPI1_Init
MX_USART3_UART_Init
MX_WWDG_Init
osKernelInitialize
MX_FREERTOS_Init
osKernelStart
